EDA Netlist Writer report for round
Thu Nov 21 00:55:12 2019
Quartus II 32-bit Version 13.1.0 Build 162 10/23/2013 SJ Web Edition


---------------------
; Table of Contents ;
---------------------
  1. Legal Notice
  2. EDA Netlist Writer Summary
  3. Simulation Settings
  4. Simulation Generated Files
  5. EDA Netlist Writer Messages



----------------
; Legal Notice ;
----------------
Copyright (C) 1991-2013 Altera Corporation
Your use of Altera Corporation's design tools, logic functions 
and other software and tools, and its AMPP partner logic 
functions, and any output files from any of the foregoing 
(including device programming or simulation files), and any 
associated documentation or information are expressly subject 
to the terms and conditions of the Altera Program License 
Subscription Agreement, Altera MegaCore Function License 
Agreement, or other applicable license agreement, including, 
without limitation, that your use is for the sole purpose of 
programming logic devices manufactured by Altera and sold by 
Altera or its authorized distributors.  Please refer to the 
applicable agreement for further details.



+-------------------------------------------------------------------+
; EDA Netlist Writer Summary                                        ;
+---------------------------+---------------------------------------+
; EDA Netlist Writer Status ; Successful - Thu Nov 21 00:55:12 2019 ;
; Revision Name             ; round                                 ;
; Top-level Entity Name     ; round                                 ;
; Family                    ; Cyclone III                           ;
; Simulation Files Creation ; Successful                            ;
+---------------------------+---------------------------------------+


+----------------------------------------------------------------------------------------------------------------------------+
; Simulation Settings                                                                                                        ;
+---------------------------------------------------------------------------------------------------+------------------------+
; Option                                                                                            ; Setting                ;
+---------------------------------------------------------------------------------------------------+------------------------+
; Tool Name                                                                                         ; ModelSim-Altera (VHDL) ;
; Generate netlist for functional simulation only                                                   ; Off                    ;
; Time scale                                                                                        ; 1 ps                   ;
; Truncate long hierarchy paths                                                                     ; Off                    ;
; Map illegal HDL characters                                                                        ; Off                    ;
; Flatten buses into individual nodes                                                               ; Off                    ;
; Maintain hierarchy                                                                                ; Off                    ;
; Bring out device-wide set/reset signals as ports                                                  ; Off                    ;
; Enable glitch filtering                                                                           ; Off                    ;
; Do not write top level VHDL entity                                                                ; Off                    ;
; Disable detection of setup and hold time violations in the input registers of bi-directional pins ; Off                    ;
; Architecture name in VHDL output netlist                                                          ; structure              ;
; Generate third-party EDA tool command script for RTL functional simulation                        ; Off                    ;
; Generate third-party EDA tool command script for gate-level simulation                            ; Off                    ;
+---------------------------------------------------------------------------------------------------+------------------------+


+--------------------------------------------------------------------------------------------------+
; Simulation Generated Files                                                                       ;
+--------------------------------------------------------------------------------------------------+
; Generated Files                                                                                  ;
+--------------------------------------------------------------------------------------------------+
; /home/marina/Documentos/projeto_aes/round/simulation/modelsim/round_7_1200mv_100c_slow.vho       ;
; /home/marina/Documentos/projeto_aes/round/simulation/modelsim/round_7_1200mv_-40c_slow.vho       ;
; /home/marina/Documentos/projeto_aes/round/simulation/modelsim/round_min_1200mv_-40c_fast.vho     ;
; /home/marina/Documentos/projeto_aes/round/simulation/modelsim/round.vho                          ;
; /home/marina/Documentos/projeto_aes/round/simulation/modelsim/round_7_1200mv_100c_vhd_slow.sdo   ;
; /home/marina/Documentos/projeto_aes/round/simulation/modelsim/round_7_1200mv_-40c_vhd_slow.sdo   ;
; /home/marina/Documentos/projeto_aes/round/simulation/modelsim/round_min_1200mv_-40c_vhd_fast.sdo ;
; /home/marina/Documentos/projeto_aes/round/simulation/modelsim/round_vhd.sdo                      ;
+--------------------------------------------------------------------------------------------------+


+-----------------------------+
; EDA Netlist Writer Messages ;
+-----------------------------+
Info: *******************************************************************
Info: Running Quartus II 32-bit EDA Netlist Writer
    Info: Version 13.1.0 Build 162 10/23/2013 SJ Web Edition
    Info: Processing started: Thu Nov 21 00:55:11 2019
Info: Command: quartus_eda --read_settings_files=off --write_settings_files=off round -c round
Info (204019): Generated file round_7_1200mv_100c_slow.vho in folder "/home/marina/Documentos/projeto_aes/round/simulation/modelsim/" for EDA simulation tool
Info (204019): Generated file round_7_1200mv_-40c_slow.vho in folder "/home/marina/Documentos/projeto_aes/round/simulation/modelsim/" for EDA simulation tool
Info (204019): Generated file round_min_1200mv_-40c_fast.vho in folder "/home/marina/Documentos/projeto_aes/round/simulation/modelsim/" for EDA simulation tool
Info (204019): Generated file round.vho in folder "/home/marina/Documentos/projeto_aes/round/simulation/modelsim/" for EDA simulation tool
Info (204019): Generated file round_7_1200mv_100c_vhd_slow.sdo in folder "/home/marina/Documentos/projeto_aes/round/simulation/modelsim/" for EDA simulation tool
Info (204019): Generated file round_7_1200mv_-40c_vhd_slow.sdo in folder "/home/marina/Documentos/projeto_aes/round/simulation/modelsim/" for EDA simulation tool
Info (204019): Generated file round_min_1200mv_-40c_vhd_fast.sdo in folder "/home/marina/Documentos/projeto_aes/round/simulation/modelsim/" for EDA simulation tool
Info (204019): Generated file round_vhd.sdo in folder "/home/marina/Documentos/projeto_aes/round/simulation/modelsim/" for EDA simulation tool
Info: Quartus II 32-bit EDA Netlist Writer was successful. 0 errors, 0 warnings
    Info: Peak virtual memory: 355 megabytes
    Info: Processing ended: Thu Nov 21 00:55:12 2019
    Info: Elapsed time: 00:00:01
    Info: Total CPU time (on all processors): 00:00:01


