Analysis & Synthesis report for key
Thu Nov 21 20:19:54 2019
Quartus II 32-bit Version 13.1.0 Build 162 10/23/2013 SJ Web Edition


---------------------
; Table of Contents ;
---------------------
  1. Legal Notice
  2. Analysis & Synthesis Summary
  3. Analysis & Synthesis Settings
  4. Parallel Compilation
  5. Analysis & Synthesis Source Files Read
  6. Analysis & Synthesis Resource Usage Summary
  7. Analysis & Synthesis Resource Utilization by Entity
  8. User-Specified and Inferred Latches
  9. General Register Statistics
 10. Multiplexer Restructuring Statistics (Restructuring Performed)
 11. Parameter Settings for User Entity Instance: Top-level Entity: |key
 12. Elapsed Time Per Partition
 13. Analysis & Synthesis Messages



----------------
; Legal Notice ;
----------------
Copyright (C) 1991-2013 Altera Corporation
Your use of Altera Corporation's design tools, logic functions 
and other software and tools, and its AMPP partner logic 
functions, and any output files from any of the foregoing 
(including device programming or simulation files), and any 
associated documentation or information are expressly subject 
to the terms and conditions of the Altera Program License 
Subscription Agreement, Altera MegaCore Function License 
Agreement, or other applicable license agreement, including, 
without limitation, that your use is for the sole purpose of 
programming logic devices manufactured by Altera and sold by 
Altera or its authorized distributors.  Please refer to the 
applicable agreement for further details.



+---------------------------------------------------------------------------------+
; Analysis & Synthesis Summary                                                    ;
+------------------------------------+--------------------------------------------+
; Analysis & Synthesis Status        ; Successful - Thu Nov 21 20:19:54 2019      ;
; Quartus II 32-bit Version          ; 13.1.0 Build 162 10/23/2013 SJ Web Edition ;
; Revision Name                      ; key                                        ;
; Top-level Entity Name              ; key                                        ;
; Family                             ; Cyclone III                                ;
; Total logic elements               ; 679                                        ;
;     Total combinational functions  ; 679                                        ;
;     Dedicated logic registers      ; 0                                          ;
; Total registers                    ; 0                                          ;
; Total pins                         ; 136                                        ;
; Total virtual pins                 ; 0                                          ;
; Total memory bits                  ; 0                                          ;
; Embedded Multiplier 9-bit elements ; 0                                          ;
; Total PLLs                         ; 0                                          ;
+------------------------------------+--------------------------------------------+


+----------------------------------------------------------------------------------------------------------------------+
; Analysis & Synthesis Settings                                                                                        ;
+----------------------------------------------------------------------------+--------------------+--------------------+
; Option                                                                     ; Setting            ; Default Value      ;
+----------------------------------------------------------------------------+--------------------+--------------------+
; Device                                                                     ; EP3C40F780I7       ;                    ;
; Top-level entity name                                                      ; key                ; key                ;
; Family name                                                                ; Cyclone III        ; Cyclone IV GX      ;
; Use smart compilation                                                      ; Off                ; Off                ;
; Enable parallel Assembler and TimeQuest Timing Analyzer during compilation ; On                 ; On                 ;
; Enable compact report table                                                ; Off                ; Off                ;
; Restructure Multiplexers                                                   ; Auto               ; Auto               ;
; Create Debugging Nodes for IP Cores                                        ; Off                ; Off                ;
; Preserve fewer node names                                                  ; On                 ; On                 ;
; Disable OpenCore Plus hardware evaluation                                  ; Off                ; Off                ;
; Verilog Version                                                            ; Verilog_2001       ; Verilog_2001       ;
; VHDL Version                                                               ; VHDL_1993          ; VHDL_1993          ;
; State Machine Processing                                                   ; Auto               ; Auto               ;
; Safe State Machine                                                         ; Off                ; Off                ;
; Extract Verilog State Machines                                             ; On                 ; On                 ;
; Extract VHDL State Machines                                                ; On                 ; On                 ;
; Ignore Verilog initial constructs                                          ; Off                ; Off                ;
; Iteration limit for constant Verilog loops                                 ; 5000               ; 5000               ;
; Iteration limit for non-constant Verilog loops                             ; 250                ; 250                ;
; Add Pass-Through Logic to Inferred RAMs                                    ; On                 ; On                 ;
; Infer RAMs from Raw Logic                                                  ; On                 ; On                 ;
; Parallel Synthesis                                                         ; On                 ; On                 ;
; DSP Block Balancing                                                        ; Auto               ; Auto               ;
; NOT Gate Push-Back                                                         ; On                 ; On                 ;
; Power-Up Don't Care                                                        ; On                 ; On                 ;
; Remove Redundant Logic Cells                                               ; Off                ; Off                ;
; Remove Duplicate Registers                                                 ; On                 ; On                 ;
; Ignore CARRY Buffers                                                       ; Off                ; Off                ;
; Ignore CASCADE Buffers                                                     ; Off                ; Off                ;
; Ignore GLOBAL Buffers                                                      ; Off                ; Off                ;
; Ignore ROW GLOBAL Buffers                                                  ; Off                ; Off                ;
; Ignore LCELL Buffers                                                       ; Off                ; Off                ;
; Ignore SOFT Buffers                                                        ; On                 ; On                 ;
; Limit AHDL Integers to 32 Bits                                             ; Off                ; Off                ;
; Optimization Technique                                                     ; Balanced           ; Balanced           ;
; Carry Chain Length                                                         ; 70                 ; 70                 ;
; Auto Carry Chains                                                          ; On                 ; On                 ;
; Auto Open-Drain Pins                                                       ; On                 ; On                 ;
; Perform WYSIWYG Primitive Resynthesis                                      ; Off                ; Off                ;
; Auto ROM Replacement                                                       ; On                 ; On                 ;
; Auto RAM Replacement                                                       ; On                 ; On                 ;
; Auto DSP Block Replacement                                                 ; On                 ; On                 ;
; Auto Shift Register Replacement                                            ; Auto               ; Auto               ;
; Allow Shift Register Merging across Hierarchies                            ; Auto               ; Auto               ;
; Auto Clock Enable Replacement                                              ; On                 ; On                 ;
; Strict RAM Replacement                                                     ; Off                ; Off                ;
; Allow Synchronous Control Signals                                          ; On                 ; On                 ;
; Force Use of Synchronous Clear Signals                                     ; Off                ; Off                ;
; Auto RAM Block Balancing                                                   ; On                 ; On                 ;
; Auto RAM to Logic Cell Conversion                                          ; Off                ; Off                ;
; Auto Resource Sharing                                                      ; Off                ; Off                ;
; Allow Any RAM Size For Recognition                                         ; Off                ; Off                ;
; Allow Any ROM Size For Recognition                                         ; Off                ; Off                ;
; Allow Any Shift Register Size For Recognition                              ; Off                ; Off                ;
; Use LogicLock Constraints during Resource Balancing                        ; On                 ; On                 ;
; Ignore translate_off and synthesis_off directives                          ; Off                ; Off                ;
; Timing-Driven Synthesis                                                    ; On                 ; On                 ;
; Report Parameter Settings                                                  ; On                 ; On                 ;
; Report Source Assignments                                                  ; On                 ; On                 ;
; Report Connectivity Checks                                                 ; On                 ; On                 ;
; Ignore Maximum Fan-Out Assignments                                         ; Off                ; Off                ;
; Synchronization Register Chain Length                                      ; 2                  ; 2                  ;
; PowerPlay Power Optimization                                               ; Normal compilation ; Normal compilation ;
; HDL message level                                                          ; Level2             ; Level2             ;
; Suppress Register Optimization Related Messages                            ; Off                ; Off                ;
; Number of Removed Registers Reported in Synthesis Report                   ; 5000               ; 5000               ;
; Number of Swept Nodes Reported in Synthesis Report                         ; 5000               ; 5000               ;
; Number of Inverted Registers Reported in Synthesis Report                  ; 100                ; 100                ;
; Clock MUX Protection                                                       ; On                 ; On                 ;
; Auto Gated Clock Conversion                                                ; Off                ; Off                ;
; Block Design Naming                                                        ; Auto               ; Auto               ;
; SDC constraint protection                                                  ; Off                ; Off                ;
; Synthesis Effort                                                           ; Auto               ; Auto               ;
; Shift Register Replacement - Allow Asynchronous Clear Signal               ; On                 ; On                 ;
; Pre-Mapping Resynthesis Optimization                                       ; Off                ; Off                ;
; Analysis & Synthesis Message Level                                         ; Medium             ; Medium             ;
; Disable Register Merging Across Hierarchies                                ; Auto               ; Auto               ;
; Resource Aware Inference For Block RAM                                     ; On                 ; On                 ;
; Synthesis Seed                                                             ; 1                  ; 1                  ;
+----------------------------------------------------------------------------+--------------------+--------------------+


Parallel compilation was disabled, but you have multiple processors available. Enable parallel compilation to reduce compilation time.
+-------------------------------------+
; Parallel Compilation                ;
+----------------------------+--------+
; Processors                 ; Number ;
+----------------------------+--------+
; Number detected on machine ; 4      ;
; Maximum allowed            ; 1      ;
+----------------------------+--------+


+-----------------------------------------------------------------------------------------------------------------------------------------+
; Analysis & Synthesis Source Files Read                                                                                                  ;
+----------------------------------+-----------------+-----------------+--------------------------------------------------------+---------+
; File Name with User-Entered Path ; Used in Netlist ; File Type       ; File Name with Absolute Path                           ; Library ;
+----------------------------------+-----------------+-----------------+--------------------------------------------------------+---------+
; key.vhd                          ; yes             ; User VHDL File  ; /home/marina/Documentos/projeto_aes/po_aes/key/key.vhd ;         ;
+----------------------------------+-----------------+-----------------+--------------------------------------------------------+---------+


+-------------------------------------------------------------+
; Analysis & Synthesis Resource Usage Summary                 ;
+---------------------------------------------+---------------+
; Resource                                    ; Usage         ;
+---------------------------------------------+---------------+
; Estimated Total logic elements              ; 679           ;
;                                             ;               ;
; Total combinational functions               ; 679           ;
; Logic element usage by number of LUT inputs ;               ;
;     -- 4 input functions                    ; 323           ;
;     -- 3 input functions                    ; 212           ;
;     -- <=2 input functions                  ; 144           ;
;                                             ;               ;
; Logic elements by mode                      ;               ;
;     -- normal mode                          ; 679           ;
;     -- arithmetic mode                      ; 0             ;
;                                             ;               ;
; Total registers                             ; 0             ;
;     -- Dedicated logic registers            ; 0             ;
;     -- I/O registers                        ; 0             ;
;                                             ;               ;
; I/O pins                                    ; 136           ;
; Embedded Multiplier 9-bit elements          ; 0             ;
; Maximum fan-out node                        ; cont[0]~input ;
; Maximum fan-out                             ; 179           ;
; Total fan-out                               ; 2480          ;
; Average fan-out                             ; 2.61          ;
+---------------------------------------------+---------------+


+-----------------------------------------------------------------------------------------------------------------------------------------------------------------------------+
; Analysis & Synthesis Resource Utilization by Entity                                                                                                                         ;
+----------------------------+-------------------+--------------+-------------+--------------+---------+-----------+------+--------------+---------------------+--------------+
; Compilation Hierarchy Node ; LC Combinationals ; LC Registers ; Memory Bits ; DSP Elements ; DSP 9x9 ; DSP 18x18 ; Pins ; Virtual Pins ; Full Hierarchy Name ; Library Name ;
+----------------------------+-------------------+--------------+-------------+--------------+---------+-----------+------+--------------+---------------------+--------------+
; |key                       ; 679 (679)         ; 0 (0)        ; 0           ; 0            ; 0       ; 0         ; 136  ; 0            ; |key                ; work         ;
+----------------------------+-------------------+--------------+-------------+--------------+---------+-----------+------+--------------+---------------------+--------------+
Note: For table entries with two numbers listed, the numbers in parentheses indicate the number of resources of the given type used by the specific entity alone. The numbers listed outside of parentheses indicate the total resources of the given type used by the specific entity and all of its sub-entities in the hierarchy.


+-----------------------------------------------------------------------------------------------------+
; User-Specified and Inferred Latches                                                                 ;
+------------------------------------------------------+---------------------+------------------------+
; Latch Name                                           ; Latch Enable Signal ; Free of Timing Hazards ;
+------------------------------------------------------+---------------------+------------------------+
; k1[0]$latch                                          ; GND                 ; yes                    ;
; k1[1]$latch                                          ; GND                 ; yes                    ;
; k1[2]$latch                                          ; GND                 ; yes                    ;
; k1[3]$latch                                          ; GND                 ; yes                    ;
; k1[4]$latch                                          ; GND                 ; yes                    ;
; k1[5]$latch                                          ; GND                 ; yes                    ;
; k1[6]$latch                                          ; GND                 ; yes                    ;
; k1[7]$latch                                          ; GND                 ; yes                    ;
; k2[0]$latch                                          ; GND                 ; yes                    ;
; k2[1]$latch                                          ; GND                 ; yes                    ;
; k2[2]$latch                                          ; GND                 ; yes                    ;
; k2[3]$latch                                          ; GND                 ; yes                    ;
; k2[4]$latch                                          ; GND                 ; yes                    ;
; k2[5]$latch                                          ; GND                 ; yes                    ;
; k2[6]$latch                                          ; GND                 ; yes                    ;
; k2[7]$latch                                          ; GND                 ; yes                    ;
; k3[0]$latch                                          ; GND                 ; yes                    ;
; k3[1]$latch                                          ; GND                 ; yes                    ;
; k3[2]$latch                                          ; GND                 ; yes                    ;
; k3[3]$latch                                          ; GND                 ; yes                    ;
; k3[4]$latch                                          ; GND                 ; yes                    ;
; k3[5]$latch                                          ; GND                 ; yes                    ;
; k3[6]$latch                                          ; GND                 ; yes                    ;
; k3[7]$latch                                          ; GND                 ; yes                    ;
; k4[0]$latch                                          ; GND                 ; yes                    ;
; k4[1]$latch                                          ; GND                 ; yes                    ;
; k4[2]$latch                                          ; GND                 ; yes                    ;
; k4[3]$latch                                          ; GND                 ; yes                    ;
; k4[4]$latch                                          ; GND                 ; yes                    ;
; k4[5]$latch                                          ; GND                 ; yes                    ;
; k4[6]$latch                                          ; GND                 ; yes                    ;
; k4[7]$latch                                          ; GND                 ; yes                    ;
; k5[0]$latch                                          ; GND                 ; yes                    ;
; k5[1]$latch                                          ; GND                 ; yes                    ;
; k5[2]$latch                                          ; GND                 ; yes                    ;
; k5[3]$latch                                          ; GND                 ; yes                    ;
; k5[4]$latch                                          ; GND                 ; yes                    ;
; k5[5]$latch                                          ; GND                 ; yes                    ;
; k5[6]$latch                                          ; GND                 ; yes                    ;
; k5[7]$latch                                          ; GND                 ; yes                    ;
; k6[0]$latch                                          ; GND                 ; yes                    ;
; k6[1]$latch                                          ; GND                 ; yes                    ;
; k6[2]$latch                                          ; GND                 ; yes                    ;
; k6[3]$latch                                          ; GND                 ; yes                    ;
; k6[4]$latch                                          ; GND                 ; yes                    ;
; k6[5]$latch                                          ; GND                 ; yes                    ;
; k6[6]$latch                                          ; GND                 ; yes                    ;
; k6[7]$latch                                          ; GND                 ; yes                    ;
; k7[0]$latch                                          ; GND                 ; yes                    ;
; k7[1]$latch                                          ; GND                 ; yes                    ;
; k7[2]$latch                                          ; GND                 ; yes                    ;
; k7[3]$latch                                          ; GND                 ; yes                    ;
; k7[4]$latch                                          ; GND                 ; yes                    ;
; k7[5]$latch                                          ; GND                 ; yes                    ;
; k7[6]$latch                                          ; GND                 ; yes                    ;
; k7[7]$latch                                          ; GND                 ; yes                    ;
; k8[0]$latch                                          ; GND                 ; yes                    ;
; k8[1]$latch                                          ; GND                 ; yes                    ;
; k8[2]$latch                                          ; GND                 ; yes                    ;
; k8[3]$latch                                          ; GND                 ; yes                    ;
; k8[4]$latch                                          ; GND                 ; yes                    ;
; k8[5]$latch                                          ; GND                 ; yes                    ;
; k8[6]$latch                                          ; GND                 ; yes                    ;
; k8[7]$latch                                          ; GND                 ; yes                    ;
; k9[0]$latch                                          ; GND                 ; yes                    ;
; k9[1]$latch                                          ; GND                 ; yes                    ;
; k9[2]$latch                                          ; GND                 ; yes                    ;
; k9[3]$latch                                          ; GND                 ; yes                    ;
; k9[4]$latch                                          ; GND                 ; yes                    ;
; k9[5]$latch                                          ; GND                 ; yes                    ;
; k9[6]$latch                                          ; GND                 ; yes                    ;
; k9[7]$latch                                          ; GND                 ; yes                    ;
; k10[0]$latch                                         ; GND                 ; yes                    ;
; k10[1]$latch                                         ; GND                 ; yes                    ;
; k10[2]$latch                                         ; GND                 ; yes                    ;
; k10[3]$latch                                         ; GND                 ; yes                    ;
; k10[4]$latch                                         ; GND                 ; yes                    ;
; k10[5]$latch                                         ; GND                 ; yes                    ;
; k10[6]$latch                                         ; GND                 ; yes                    ;
; k10[7]$latch                                         ; GND                 ; yes                    ;
; k11[0]$latch                                         ; GND                 ; yes                    ;
; k11[1]$latch                                         ; GND                 ; yes                    ;
; k11[2]$latch                                         ; GND                 ; yes                    ;
; k11[3]$latch                                         ; GND                 ; yes                    ;
; k11[4]$latch                                         ; GND                 ; yes                    ;
; k11[5]$latch                                         ; GND                 ; yes                    ;
; k11[6]$latch                                         ; GND                 ; yes                    ;
; k11[7]$latch                                         ; GND                 ; yes                    ;
; k12[0]$latch                                         ; GND                 ; yes                    ;
; k12[1]$latch                                         ; GND                 ; yes                    ;
; k12[2]$latch                                         ; GND                 ; yes                    ;
; k12[3]$latch                                         ; GND                 ; yes                    ;
; k12[4]$latch                                         ; GND                 ; yes                    ;
; k12[5]$latch                                         ; GND                 ; yes                    ;
; k12[6]$latch                                         ; GND                 ; yes                    ;
; k12[7]$latch                                         ; GND                 ; yes                    ;
; k13[0]$latch                                         ; GND                 ; yes                    ;
; k13[1]$latch                                         ; GND                 ; yes                    ;
; k13[2]$latch                                         ; GND                 ; yes                    ;
; k13[3]$latch                                         ; GND                 ; yes                    ;
; Number of user-specified and inferred latches = 128  ;                     ;                        ;
+------------------------------------------------------+---------------------+------------------------+
Table restricted to first 100 entries. Note: All latches listed above may not be present at the end of synthesis due to various synthesis optimizations.


+------------------------------------------------------+
; General Register Statistics                          ;
+----------------------------------------------+-------+
; Statistic                                    ; Value ;
+----------------------------------------------+-------+
; Total registers                              ; 0     ;
; Number of registers using Synchronous Clear  ; 0     ;
; Number of registers using Synchronous Load   ; 0     ;
; Number of registers using Asynchronous Clear ; 0     ;
; Number of registers using Asynchronous Load  ; 0     ;
; Number of registers using Clock Enable       ; 0     ;
; Number of registers using Preset             ; 0     ;
+----------------------------------------------+-------+


+------------------------------------------------------------------------------------------------------------------------------------------+
; Multiplexer Restructuring Statistics (Restructuring Performed)                                                                           ;
+--------------------+-----------+---------------+----------------------+------------------------+------------+----------------------------+
; Multiplexer Inputs ; Bus Width ; Baseline Area ; Area if Restructured ; Saving if Restructured ; Registered ; Example Multiplexer Output ;
+--------------------+-----------+---------------+----------------------+------------------------+------------+----------------------------+
; 3:1                ; 2 bits    ; 4 LEs         ; 2 LEs                ; 2 LEs                  ; No         ; |key|k1[4]                 ;
; 3:1                ; 8 bits    ; 16 LEs        ; 16 LEs               ; 0 LEs                  ; No         ; |key|k5[0]                 ;
; 3:1                ; 3 bits    ; 6 LEs         ; 6 LEs                ; 0 LEs                  ; No         ; |key|k9[6]                 ;
; 3:1                ; 2 bits    ; 4 LEs         ; 4 LEs                ; 0 LEs                  ; No         ; |key|k3[7]                 ;
; 3:1                ; 13 bits   ; 26 LEs        ; 26 LEs               ; 0 LEs                  ; No         ; |key|k16[7]                ;
; 4:1                ; 2 bits    ; 4 LEs         ; 4 LEs                ; 0 LEs                  ; No         ; |key|k8[2]                 ;
; 4:1                ; 36 bits   ; 72 LEs        ; 72 LEs               ; 0 LEs                  ; No         ; |key|k14[7]                ;
; 5:1                ; 41 bits   ; 123 LEs       ; 123 LEs              ; 0 LEs                  ; No         ; |key|k10[7]                ;
; 6:1                ; 14 bits   ; 56 LEs        ; 56 LEs               ; 0 LEs                  ; No         ; |key|k7[2]                 ;
+--------------------+-----------+---------------+----------------------+------------------------+------------+----------------------------+


+---------------------------------------------------------------------+
; Parameter Settings for User Entity Instance: Top-level Entity: |key ;
+----------------+-------+--------------------------------------------+
; Parameter Name ; Value ; Type                                       ;
+----------------+-------+--------------------------------------------+
; DATA_WIDTH     ; 8     ; Signed Integer                             ;
+----------------+-------+--------------------------------------------+
Note: In order to hide this table in the UI and the text report file, please set the "Show Parameter Settings in Synthesis Report" option in "Analysis and Synthesis Settings -> More Settings" to "Off".


+-------------------------------+
; Elapsed Time Per Partition    ;
+----------------+--------------+
; Partition Name ; Elapsed Time ;
+----------------+--------------+
; Top            ; 00:00:02     ;
+----------------+--------------+


+-------------------------------+
; Analysis & Synthesis Messages ;
+-------------------------------+
Info: *******************************************************************
Info: Running Quartus II 32-bit Analysis & Synthesis
    Info: Version 13.1.0 Build 162 10/23/2013 SJ Web Edition
    Info: Processing started: Thu Nov 21 20:19:50 2019
Info: Command: quartus_map --read_settings_files=on --write_settings_files=off key -c key
Warning (20028): Parallel compilation is not licensed and has been disabled
Info (12021): Found 2 design units, including 1 entities, in source file key.vhd
    Info (12022): Found design unit 1: key-rtl
    Info (12023): Found entity 1: key
Info (12127): Elaborating entity "key" for the top level hierarchy
Warning (10620): VHDL warning at key.vhd(39): comparison between unequal length operands always returns FALSE
Warning (10631): VHDL Process Statement warning at key.vhd(37): inferring latch(es) for signal or variable "k1", which holds its previous value in one or more paths through the process
Warning (10631): VHDL Process Statement warning at key.vhd(37): inferring latch(es) for signal or variable "k2", which holds its previous value in one or more paths through the process
Warning (10631): VHDL Process Statement warning at key.vhd(37): inferring latch(es) for signal or variable "k3", which holds its previous value in one or more paths through the process
Warning (10631): VHDL Process Statement warning at key.vhd(37): inferring latch(es) for signal or variable "k4", which holds its previous value in one or more paths through the process
Warning (10631): VHDL Process Statement warning at key.vhd(37): inferring latch(es) for signal or variable "k5", which holds its previous value in one or more paths through the process
Warning (10631): VHDL Process Statement warning at key.vhd(37): inferring latch(es) for signal or variable "k6", which holds its previous value in one or more paths through the process
Warning (10631): VHDL Process Statement warning at key.vhd(37): inferring latch(es) for signal or variable "k7", which holds its previous value in one or more paths through the process
Warning (10631): VHDL Process Statement warning at key.vhd(37): inferring latch(es) for signal or variable "k8", which holds its previous value in one or more paths through the process
Warning (10631): VHDL Process Statement warning at key.vhd(37): inferring latch(es) for signal or variable "k9", which holds its previous value in one or more paths through the process
Warning (10631): VHDL Process Statement warning at key.vhd(37): inferring latch(es) for signal or variable "k10", which holds its previous value in one or more paths through the process
Warning (10631): VHDL Process Statement warning at key.vhd(37): inferring latch(es) for signal or variable "k11", which holds its previous value in one or more paths through the process
Warning (10631): VHDL Process Statement warning at key.vhd(37): inferring latch(es) for signal or variable "k12", which holds its previous value in one or more paths through the process
Warning (10631): VHDL Process Statement warning at key.vhd(37): inferring latch(es) for signal or variable "k13", which holds its previous value in one or more paths through the process
Warning (10631): VHDL Process Statement warning at key.vhd(37): inferring latch(es) for signal or variable "k14", which holds its previous value in one or more paths through the process
Warning (10631): VHDL Process Statement warning at key.vhd(37): inferring latch(es) for signal or variable "k15", which holds its previous value in one or more paths through the process
Warning (10631): VHDL Process Statement warning at key.vhd(37): inferring latch(es) for signal or variable "k16", which holds its previous value in one or more paths through the process
Info (10041): Inferred latch for "k16[0]" at key.vhd(37)
Info (10041): Inferred latch for "k16[1]" at key.vhd(37)
Info (10041): Inferred latch for "k16[2]" at key.vhd(37)
Info (10041): Inferred latch for "k16[3]" at key.vhd(37)
Info (10041): Inferred latch for "k16[4]" at key.vhd(37)
Info (10041): Inferred latch for "k16[5]" at key.vhd(37)
Info (10041): Inferred latch for "k16[6]" at key.vhd(37)
Info (10041): Inferred latch for "k16[7]" at key.vhd(37)
Info (10041): Inferred latch for "k15[0]" at key.vhd(37)
Info (10041): Inferred latch for "k15[1]" at key.vhd(37)
Info (10041): Inferred latch for "k15[2]" at key.vhd(37)
Info (10041): Inferred latch for "k15[3]" at key.vhd(37)
Info (10041): Inferred latch for "k15[4]" at key.vhd(37)
Info (10041): Inferred latch for "k15[5]" at key.vhd(37)
Info (10041): Inferred latch for "k15[6]" at key.vhd(37)
Info (10041): Inferred latch for "k15[7]" at key.vhd(37)
Info (10041): Inferred latch for "k14[0]" at key.vhd(37)
Info (10041): Inferred latch for "k14[1]" at key.vhd(37)
Info (10041): Inferred latch for "k14[2]" at key.vhd(37)
Info (10041): Inferred latch for "k14[3]" at key.vhd(37)
Info (10041): Inferred latch for "k14[4]" at key.vhd(37)
Info (10041): Inferred latch for "k14[5]" at key.vhd(37)
Info (10041): Inferred latch for "k14[6]" at key.vhd(37)
Info (10041): Inferred latch for "k14[7]" at key.vhd(37)
Info (10041): Inferred latch for "k13[0]" at key.vhd(37)
Info (10041): Inferred latch for "k13[1]" at key.vhd(37)
Info (10041): Inferred latch for "k13[2]" at key.vhd(37)
Info (10041): Inferred latch for "k13[3]" at key.vhd(37)
Info (10041): Inferred latch for "k13[4]" at key.vhd(37)
Info (10041): Inferred latch for "k13[5]" at key.vhd(37)
Info (10041): Inferred latch for "k13[6]" at key.vhd(37)
Info (10041): Inferred latch for "k13[7]" at key.vhd(37)
Info (10041): Inferred latch for "k12[0]" at key.vhd(37)
Info (10041): Inferred latch for "k12[1]" at key.vhd(37)
Info (10041): Inferred latch for "k12[2]" at key.vhd(37)
Info (10041): Inferred latch for "k12[3]" at key.vhd(37)
Info (10041): Inferred latch for "k12[4]" at key.vhd(37)
Info (10041): Inferred latch for "k12[5]" at key.vhd(37)
Info (10041): Inferred latch for "k12[6]" at key.vhd(37)
Info (10041): Inferred latch for "k12[7]" at key.vhd(37)
Info (10041): Inferred latch for "k11[0]" at key.vhd(37)
Info (10041): Inferred latch for "k11[1]" at key.vhd(37)
Info (10041): Inferred latch for "k11[2]" at key.vhd(37)
Info (10041): Inferred latch for "k11[3]" at key.vhd(37)
Info (10041): Inferred latch for "k11[4]" at key.vhd(37)
Info (10041): Inferred latch for "k11[5]" at key.vhd(37)
Info (10041): Inferred latch for "k11[6]" at key.vhd(37)
Info (10041): Inferred latch for "k11[7]" at key.vhd(37)
Info (10041): Inferred latch for "k10[0]" at key.vhd(37)
Info (10041): Inferred latch for "k10[1]" at key.vhd(37)
Info (10041): Inferred latch for "k10[2]" at key.vhd(37)
Info (10041): Inferred latch for "k10[3]" at key.vhd(37)
Info (10041): Inferred latch for "k10[4]" at key.vhd(37)
Info (10041): Inferred latch for "k10[5]" at key.vhd(37)
Info (10041): Inferred latch for "k10[6]" at key.vhd(37)
Info (10041): Inferred latch for "k10[7]" at key.vhd(37)
Info (10041): Inferred latch for "k9[0]" at key.vhd(37)
Info (10041): Inferred latch for "k9[1]" at key.vhd(37)
Info (10041): Inferred latch for "k9[2]" at key.vhd(37)
Info (10041): Inferred latch for "k9[3]" at key.vhd(37)
Info (10041): Inferred latch for "k9[4]" at key.vhd(37)
Info (10041): Inferred latch for "k9[5]" at key.vhd(37)
Info (10041): Inferred latch for "k9[6]" at key.vhd(37)
Info (10041): Inferred latch for "k9[7]" at key.vhd(37)
Info (10041): Inferred latch for "k8[0]" at key.vhd(37)
Info (10041): Inferred latch for "k8[1]" at key.vhd(37)
Info (10041): Inferred latch for "k8[2]" at key.vhd(37)
Info (10041): Inferred latch for "k8[3]" at key.vhd(37)
Info (10041): Inferred latch for "k8[4]" at key.vhd(37)
Info (10041): Inferred latch for "k8[5]" at key.vhd(37)
Info (10041): Inferred latch for "k8[6]" at key.vhd(37)
Info (10041): Inferred latch for "k8[7]" at key.vhd(37)
Info (10041): Inferred latch for "k7[0]" at key.vhd(37)
Info (10041): Inferred latch for "k7[1]" at key.vhd(37)
Info (10041): Inferred latch for "k7[2]" at key.vhd(37)
Info (10041): Inferred latch for "k7[3]" at key.vhd(37)
Info (10041): Inferred latch for "k7[4]" at key.vhd(37)
Info (10041): Inferred latch for "k7[5]" at key.vhd(37)
Info (10041): Inferred latch for "k7[6]" at key.vhd(37)
Info (10041): Inferred latch for "k7[7]" at key.vhd(37)
Info (10041): Inferred latch for "k6[0]" at key.vhd(37)
Info (10041): Inferred latch for "k6[1]" at key.vhd(37)
Info (10041): Inferred latch for "k6[2]" at key.vhd(37)
Info (10041): Inferred latch for "k6[3]" at key.vhd(37)
Info (10041): Inferred latch for "k6[4]" at key.vhd(37)
Info (10041): Inferred latch for "k6[5]" at key.vhd(37)
Info (10041): Inferred latch for "k6[6]" at key.vhd(37)
Info (10041): Inferred latch for "k6[7]" at key.vhd(37)
Info (10041): Inferred latch for "k5[0]" at key.vhd(37)
Info (10041): Inferred latch for "k5[1]" at key.vhd(37)
Info (10041): Inferred latch for "k5[2]" at key.vhd(37)
Info (10041): Inferred latch for "k5[3]" at key.vhd(37)
Info (10041): Inferred latch for "k5[4]" at key.vhd(37)
Info (10041): Inferred latch for "k5[5]" at key.vhd(37)
Info (10041): Inferred latch for "k5[6]" at key.vhd(37)
Info (10041): Inferred latch for "k5[7]" at key.vhd(37)
Info (10041): Inferred latch for "k4[0]" at key.vhd(37)
Info (10041): Inferred latch for "k4[1]" at key.vhd(37)
Info (10041): Inferred latch for "k4[2]" at key.vhd(37)
Info (10041): Inferred latch for "k4[3]" at key.vhd(37)
Info (10041): Inferred latch for "k4[4]" at key.vhd(37)
Info (10041): Inferred latch for "k4[5]" at key.vhd(37)
Info (10041): Inferred latch for "k4[6]" at key.vhd(37)
Info (10041): Inferred latch for "k4[7]" at key.vhd(37)
Info (10041): Inferred latch for "k3[0]" at key.vhd(37)
Info (10041): Inferred latch for "k3[1]" at key.vhd(37)
Info (10041): Inferred latch for "k3[2]" at key.vhd(37)
Info (10041): Inferred latch for "k3[3]" at key.vhd(37)
Info (10041): Inferred latch for "k3[4]" at key.vhd(37)
Info (10041): Inferred latch for "k3[5]" at key.vhd(37)
Info (10041): Inferred latch for "k3[6]" at key.vhd(37)
Info (10041): Inferred latch for "k3[7]" at key.vhd(37)
Info (10041): Inferred latch for "k2[0]" at key.vhd(37)
Info (10041): Inferred latch for "k2[1]" at key.vhd(37)
Info (10041): Inferred latch for "k2[2]" at key.vhd(37)
Info (10041): Inferred latch for "k2[3]" at key.vhd(37)
Info (10041): Inferred latch for "k2[4]" at key.vhd(37)
Info (10041): Inferred latch for "k2[5]" at key.vhd(37)
Info (10041): Inferred latch for "k2[6]" at key.vhd(37)
Info (10041): Inferred latch for "k2[7]" at key.vhd(37)
Info (10041): Inferred latch for "k1[0]" at key.vhd(37)
Info (10041): Inferred latch for "k1[1]" at key.vhd(37)
Info (10041): Inferred latch for "k1[2]" at key.vhd(37)
Info (10041): Inferred latch for "k1[3]" at key.vhd(37)
Info (10041): Inferred latch for "k1[4]" at key.vhd(37)
Info (10041): Inferred latch for "k1[5]" at key.vhd(37)
Info (10041): Inferred latch for "k1[6]" at key.vhd(37)
Info (10041): Inferred latch for "k1[7]" at key.vhd(37)
Info (286030): Timing-Driven Synthesis is running
Info (16010): Generating hard_block partition "hard_block:auto_generated_inst"
    Info (16011): Adding 0 node(s), including 0 DDIO, 0 PLL, 0 transceiver and 0 LCELL
Info (21057): Implemented 815 device resources after synthesis - the final resource count might be different
    Info (21058): Implemented 8 input pins
    Info (21059): Implemented 128 output pins
    Info (21061): Implemented 679 logic cells
Info: Quartus II 32-bit Analysis & Synthesis was successful. 0 errors, 18 warnings
    Info: Peak virtual memory: 404 megabytes
    Info: Processing ended: Thu Nov 21 20:19:54 2019
    Info: Elapsed time: 00:00:04
    Info: Total CPU time (on all processors): 00:00:04


