Flow report for addRoundKey
Thu Nov 21 00:01:14 2019
Quartus II 32-bit Version 13.1.0 Build 162 10/23/2013 SJ Web Edition


---------------------
; Table of Contents ;
---------------------
  1. Legal Notice
  2. Flow Summary
  3. Flow Settings
  4. Flow Non-Default Global Settings
  5. Flow Elapsed Time
  6. Flow OS Summary
  7. Flow Log
  8. Flow Messages
  9. Flow Suppressed Messages



----------------
; Legal Notice ;
----------------
Copyright (C) 1991-2013 Altera Corporation
Your use of Altera Corporation's design tools, logic functions 
and other software and tools, and its AMPP partner logic 
functions, and any output files from any of the foregoing 
(including device programming or simulation files), and any 
associated documentation or information are expressly subject 
to the terms and conditions of the Altera Program License 
Subscription Agreement, Altera MegaCore Function License 
Agreement, or other applicable license agreement, including, 
without limitation, that your use is for the sole purpose of 
programming logic devices manufactured by Altera and sold by 
Altera or its authorized distributors.  Please refer to the 
applicable agreement for further details.



+---------------------------------------------------------------------------------+
; Flow Summary                                                                    ;
+------------------------------------+--------------------------------------------+
; Flow Status                        ; Successful - Thu Nov 21 00:01:14 2019      ;
; Quartus II 32-bit Version          ; 13.1.0 Build 162 10/23/2013 SJ Web Edition ;
; Revision Name                      ; addRoundKey                                ;
; Top-level Entity Name              ; addRoundKey                                ;
; Family                             ; Cyclone III                                ;
; Device                             ; EP3C25F324C6                               ;
; Timing Models                      ; Final                                      ;
; Total logic elements               ; 8 / 24,624 ( < 1 % )                       ;
;     Total combinational functions  ; 8 / 24,624 ( < 1 % )                       ;
;     Dedicated logic registers      ; 0 / 24,624 ( 0 % )                         ;
; Total registers                    ; 0                                          ;
; Total pins                         ; 25 / 216 ( 12 % )                          ;
; Total virtual pins                 ; 0                                          ;
; Total memory bits                  ; 0 / 608,256 ( 0 % )                        ;
; Embedded Multiplier 9-bit elements ; 0 / 132 ( 0 % )                            ;
; Total PLLs                         ; 0 / 4 ( 0 % )                              ;
+------------------------------------+--------------------------------------------+


+-----------------------------------------+
; Flow Settings                           ;
+-------------------+---------------------+
; Option            ; Setting             ;
+-------------------+---------------------+
; Start date & time ; 11/21/2019 00:00:47 ;
; Main task         ; Compilation         ;
; Revision Name     ; addRoundKey         ;
+-------------------+---------------------+


+-------------------------------------------------------------------------------------------------------------+
; Flow Non-Default Global Settings                                                                            ;
+-------------------------------------+------------------------+---------------+-------------+----------------+
; Assignment Name                     ; Value                  ; Default Value ; Entity Name ; Section Id     ;
+-------------------------------------+------------------------+---------------+-------------+----------------+
; COMPILER_SIGNATURE_ID               ; 0.157430524712420      ; --            ; --          ; --             ;
; EDA_OUTPUT_DATA_FORMAT              ; Vhdl                   ; --            ; --          ; eda_simulation ;
; EDA_SIMULATION_TOOL                 ; ModelSim-Altera (VHDL) ; <None>        ; --          ; --             ;
; MAX_CORE_JUNCTION_TEMP              ; 85                     ; --            ; --          ; --             ;
; MIN_CORE_JUNCTION_TEMP              ; 0                      ; --            ; --          ; --             ;
; PARTITION_COLOR                     ; 16764057               ; --            ; --          ; Top            ;
; PARTITION_FITTER_PRESERVATION_LEVEL ; PLACEMENT_AND_ROUTING  ; --            ; --          ; Top            ;
; PARTITION_NETLIST_TYPE              ; SOURCE                 ; --            ; --          ; Top            ;
; PROJECT_OUTPUT_DIRECTORY            ; output_files           ; --            ; --          ; --             ;
+-------------------------------------+------------------------+---------------+-------------+----------------+


+-------------------------------------------------------------------------------------------------------------------------------+
; Flow Elapsed Time                                                                                                             ;
+---------------------------+--------------+-------------------------+---------------------+------------------------------------+
; Module Name               ; Elapsed Time ; Average Processors Used ; Peak Virtual Memory ; Total CPU Time (on all processors) ;
+---------------------------+--------------+-------------------------+---------------------+------------------------------------+
; Analysis & Synthesis      ; 00:00:03     ; 1.0                     ; 392 MB              ; 00:00:02                           ;
; Fitter                    ; 00:00:08     ; 1.0                     ; 546 MB              ; 00:00:08                           ;
; Assembler                 ; 00:00:03     ; 1.0                     ; 387 MB              ; 00:00:02                           ;
; TimeQuest Timing Analyzer ; 00:00:02     ; 1.0                     ; 386 MB              ; 00:00:02                           ;
; EDA Netlist Writer        ; 00:00:01     ; 1.0                     ; 329 MB              ; 00:00:01                           ;
; Total                     ; 00:00:17     ; --                      ; --                  ; 00:00:15                           ;
+---------------------------+--------------+-------------------------+---------------------+------------------------------------+


+---------------------------------------------------------------------------------------------+
; Flow OS Summary                                                                             ;
+---------------------------+----------------------+------------+------------+----------------+
; Module Name               ; Machine Hostname     ; OS Name    ; OS Version ; Processor type ;
+---------------------------+----------------------+------------+------------+----------------+
; Analysis & Synthesis      ; marina-Lenovo-G40-70 ; Linux Mint ; 19         ; x86_64         ;
; Fitter                    ; marina-Lenovo-G40-70 ; Linux Mint ; 19         ; x86_64         ;
; Assembler                 ; marina-Lenovo-G40-70 ; Linux Mint ; 19         ; x86_64         ;
; TimeQuest Timing Analyzer ; marina-Lenovo-G40-70 ; Linux Mint ; 19         ; x86_64         ;
; EDA Netlist Writer        ; marina-Lenovo-G40-70 ; Linux Mint ; 19         ; x86_64         ;
+---------------------------+----------------------+------------+------------+----------------+


------------
; Flow Log ;
------------
quartus_map --read_settings_files=on --write_settings_files=off addRoundKey -c addRoundKey
quartus_fit --read_settings_files=off --write_settings_files=off addRoundKey -c addRoundKey
quartus_asm --read_settings_files=off --write_settings_files=off addRoundKey -c addRoundKey
quartus_sta addRoundKey -c addRoundKey
quartus_eda --read_settings_files=off --write_settings_files=off addRoundKey -c addRoundKey



