Flow report for po_aes
Fri Nov 22 02:19:39 2019
Quartus II 32-bit Version 13.1.0 Build 162 10/23/2013 SJ Web Edition


---------------------
; Table of Contents ;
---------------------
  1. Legal Notice
  2. Flow Summary
  3. Flow Settings
  4. Flow Non-Default Global Settings
  5. Flow Elapsed Time
  6. Flow OS Summary
  7. Flow Log
  8. Flow Messages
  9. Flow Suppressed Messages



----------------
; Legal Notice ;
----------------
Copyright (C) 1991-2013 Altera Corporation
Your use of Altera Corporation's design tools, logic functions 
and other software and tools, and its AMPP partner logic 
functions, and any output files from any of the foregoing 
(including device programming or simulation files), and any 
associated documentation or information are expressly subject 
to the terms and conditions of the Altera Program License 
Subscription Agreement, Altera MegaCore Function License 
Agreement, or other applicable license agreement, including, 
without limitation, that your use is for the sole purpose of 
programming logic devices manufactured by Altera and sold by 
Altera or its authorized distributors.  Please refer to the 
applicable agreement for further details.



+---------------------------------------------------------------------------------+
; Flow Summary                                                                    ;
+------------------------------------+--------------------------------------------+
; Flow Status                        ; Successful - Fri Nov 22 02:19:39 2019      ;
; Quartus II 32-bit Version          ; 13.1.0 Build 162 10/23/2013 SJ Web Edition ;
; Revision Name                      ; po_aes                                     ;
; Top-level Entity Name              ; po_aes                                     ;
; Family                             ; Cyclone III                                ;
; Device                             ; EP3C40F780I7                               ;
; Timing Models                      ; Final                                      ;
; Total logic elements               ; 734 / 39,600 ( 2 % )                       ;
;     Total combinational functions  ; 700 / 39,600 ( 2 % )                       ;
;     Dedicated logic registers      ; 512 / 39,600 ( 1 % )                       ;
; Total registers                    ; 512                                        ;
; Total pins                         ; 394 / 536 ( 74 % )                         ;
; Total virtual pins                 ; 0                                          ;
; Total memory bits                  ; 65,536 / 1,161,216 ( 6 % )                 ;
; Embedded Multiplier 9-bit elements ; 0 / 252 ( 0 % )                            ;
; Total PLLs                         ; 0 / 4 ( 0 % )                              ;
+------------------------------------+--------------------------------------------+


+-----------------------------------------+
; Flow Settings                           ;
+-------------------+---------------------+
; Option            ; Setting             ;
+-------------------+---------------------+
; Start date & time ; 11/22/2019 02:18:37 ;
; Main task         ; Compilation         ;
; Revision Name     ; po_aes              ;
+-------------------+---------------------+


+----------------------------------------------------------------------------------------------------------------------------+
; Flow Non-Default Global Settings                                                                                           ;
+-------------------------------------+---------------------------------------+---------------+-------------+----------------+
; Assignment Name                     ; Value                                 ; Default Value ; Entity Name ; Section Id     ;
+-------------------------------------+---------------------------------------+---------------+-------------+----------------+
; COMPILER_SIGNATURE_ID               ; 0.157439991709054                     ; --            ; --          ; --             ;
; EDA_OUTPUT_DATA_FORMAT              ; Vhdl                                  ; --            ; --          ; eda_simulation ;
; EDA_SIMULATION_TOOL                 ; ModelSim-Altera (VHDL)                ; <None>        ; --          ; --             ;
; MAX_CORE_JUNCTION_TEMP              ; 100                                   ; --            ; --          ; --             ;
; MIN_CORE_JUNCTION_TEMP              ; -40                                   ; --            ; --          ; --             ;
; NOMINAL_CORE_SUPPLY_VOLTAGE         ; 1.2V                                  ; --            ; --          ; --             ;
; PARTITION_COLOR                     ; 16764057                              ; --            ; --          ; Top            ;
; PARTITION_FITTER_PRESERVATION_LEVEL ; PLACEMENT_AND_ROUTING                 ; --            ; --          ; Top            ;
; PARTITION_NETLIST_TYPE              ; SOURCE                                ; --            ; --          ; Top            ;
; POWER_BOARD_THERMAL_MODEL           ; None (CONSERVATIVE)                   ; --            ; --          ; --             ;
; POWER_PRESET_COOLING_SOLUTION       ; 23 MM HEAT SINK WITH 200 LFPM AIRFLOW ; --            ; --          ; --             ;
; PROJECT_OUTPUT_DIRECTORY            ; output_files                          ; --            ; --          ; --             ;
+-------------------------------------+---------------------------------------+---------------+-------------+----------------+


+-------------------------------------------------------------------------------------------------------------------------------+
; Flow Elapsed Time                                                                                                             ;
+---------------------------+--------------+-------------------------+---------------------+------------------------------------+
; Module Name               ; Elapsed Time ; Average Processors Used ; Peak Virtual Memory ; Total CPU Time (on all processors) ;
+---------------------------+--------------+-------------------------+---------------------+------------------------------------+
; Analysis & Synthesis      ; 00:00:08     ; 1.0                     ; 425 MB              ; 00:00:07                           ;
; Fitter                    ; 00:00:30     ; 1.0                     ; 610 MB              ; 00:00:30                           ;
; Assembler                 ; 00:00:04     ; 1.0                     ; 389 MB              ; 00:00:04                           ;
; TimeQuest Timing Analyzer ; 00:00:05     ; 1.0                     ; 403 MB              ; 00:00:05                           ;
; EDA Netlist Writer        ; 00:00:03     ; 1.0                     ; 349 MB              ; 00:00:03                           ;
; Total                     ; 00:00:50     ; --                      ; --                  ; 00:00:49                           ;
+---------------------------+--------------+-------------------------+---------------------+------------------------------------+


+---------------------------------------------------------------------------------------------+
; Flow OS Summary                                                                             ;
+---------------------------+----------------------+------------+------------+----------------+
; Module Name               ; Machine Hostname     ; OS Name    ; OS Version ; Processor type ;
+---------------------------+----------------------+------------+------------+----------------+
; Analysis & Synthesis      ; marina-Lenovo-G40-70 ; Linux Mint ; 19         ; x86_64         ;
; Fitter                    ; marina-Lenovo-G40-70 ; Linux Mint ; 19         ; x86_64         ;
; Assembler                 ; marina-Lenovo-G40-70 ; Linux Mint ; 19         ; x86_64         ;
; TimeQuest Timing Analyzer ; marina-Lenovo-G40-70 ; Linux Mint ; 19         ; x86_64         ;
; EDA Netlist Writer        ; marina-Lenovo-G40-70 ; Linux Mint ; 19         ; x86_64         ;
+---------------------------+----------------------+------------+------------+----------------+


------------
; Flow Log ;
------------
quartus_map --read_settings_files=on --write_settings_files=off po_aes -c po_aes
quartus_fit --read_settings_files=off --write_settings_files=off po_aes -c po_aes
quartus_asm --read_settings_files=off --write_settings_files=off po_aes -c po_aes
quartus_sta po_aes -c po_aes
quartus_eda --read_settings_files=off --write_settings_files=off po_aes -c po_aes



